Flow report for BitcoinFPGA
Mon Oct 09 11:27:20 2017
Quartus Prime Version 17.0.0 Build 595 04/25/2017 SJ Lite Edition


---------------------
; Table of Contents ;
---------------------
  1. Legal Notice
  2. Flow Summary
  3. Flow Settings
  4. Flow Non-Default Global Settings
  5. Flow Elapsed Time
  6. Flow OS Summary
  7. Flow Log
  8. Flow Messages
  9. Flow Suppressed Messages



----------------
; Legal Notice ;
----------------
Copyright (C) 2017  Intel Corporation. All rights reserved.
Your use of Intel Corporation's design tools, logic functions 
and other software and tools, and its AMPP partner logic 
functions, and any output files from any of the foregoing 
(including device programming or simulation files), and any 
associated documentation or information are expressly subject 
to the terms and conditions of the Intel Program License 
Subscription Agreement, the Intel Quartus Prime License Agreement,
the Intel MegaCore Function License Agreement, or other 
applicable license agreement, including, without limitation, 
that your use is for the sole purpose of programming logic 
devices manufactured by Intel and sold by Intel or its 
authorized distributors.  Please refer to the applicable 
agreement for further details.



+---------------------------------------------------------------------------------+
; Flow Summary                                                                    ;
+-----------------------------------+---------------------------------------------+
; Flow Status                       ; Successful - Mon Oct 09 11:27:15 2017       ;
; Quartus Prime Version             ; 17.0.0 Build 595 04/25/2017 SJ Lite Edition ;
; Revision Name                     ; BitcoinFPGA                                 ;
; Top-level Entity Name             ; super_hash_processor                        ;
; Family                            ; Arria II GX                                 ;
; Device                            ; EP2AGX45DF29I5                              ;
; Timing Models                     ; Final                                       ;
; Logic utilization                 ; 8 %                                         ;
;     Combinational ALUTs           ; 2,027 / 36,100 ( 6 % )                      ;
;     Memory ALUTs                  ; 0 / 18,050 ( 0 % )                          ;
;     Dedicated logic registers     ; 1,271 / 36,100 ( 4 % )                      ;
; Total registers                   ; 1271                                        ;
; Total pins                        ; 184 / 404 ( 46 % )                          ;
; Total virtual pins                ; 0                                           ;
; Total block memory bits           ; 0 / 2,939,904 ( 0 % )                       ;
; DSP block 18-bit elements         ; 0 / 232 ( 0 % )                             ;
; Total GXB Receiver Channel PCS    ; 0 / 8 ( 0 % )                               ;
; Total GXB Receiver Channel PMA    ; 0 / 8 ( 0 % )                               ;
; Total GXB Transmitter Channel PCS ; 0 / 8 ( 0 % )                               ;
; Total GXB Transmitter Channel PMA ; 0 / 8 ( 0 % )                               ;
; Total PLLs                        ; 0 / 4 ( 0 % )                               ;
; Total DLLs                        ; 0 / 2 ( 0 % )                               ;
+-----------------------------------+---------------------------------------------+


+-----------------------------------------+
; Flow Settings                           ;
+-------------------+---------------------+
; Option            ; Setting             ;
+-------------------+---------------------+
; Start date & time ; 10/09/2017 11:26:26 ;
; Main task         ; Compilation         ;
; Revision Name     ; BitcoinFPGA         ;
+-------------------+---------------------+


+----------------------------------------------------------------------------------------------------------------------------------+
; Flow Non-Default Global Settings                                                                                                 ;
+-------------------------------------+----------------------------------------+---------------+----------------------+------------+
; Assignment Name                     ; Value                                  ; Default Value ; Entity Name          ; Section Id ;
+-------------------------------------+----------------------------------------+---------------+----------------------+------------+
; COMPILER_SIGNATURE_ID               ; 167304649611407.150757358601204        ; --            ; --                   ; --         ;
; MAX_CORE_JUNCTION_TEMP              ; 100                                    ; --            ; --                   ; --         ;
; MIN_CORE_JUNCTION_TEMP              ; -40                                    ; --            ; --                   ; --         ;
; PARTITION_COLOR                     ; -- (Not supported for targeted family) ; --            ; super_hash_processor ; Top        ;
; PARTITION_FITTER_PRESERVATION_LEVEL ; -- (Not supported for targeted family) ; --            ; super_hash_processor ; Top        ;
; PARTITION_NETLIST_TYPE              ; -- (Not supported for targeted family) ; --            ; super_hash_processor ; Top        ;
; POWER_BOARD_THERMAL_MODEL           ; None (CONSERVATIVE)                    ; --            ; --                   ; --         ;
; POWER_PRESET_COOLING_SOLUTION       ; 23 MM HEAT SINK WITH 200 LFPM AIRFLOW  ; --            ; --                   ; --         ;
; PROJECT_OUTPUT_DIRECTORY            ; output_files                           ; --            ; --                   ; --         ;
; TOP_LEVEL_ENTITY                    ; super_hash_processor                   ; BitcoinFPGA   ; --                   ; --         ;
+-------------------------------------+----------------------------------------+---------------+----------------------+------------+


+-------------------------------------------------------------------------------------------------------------------------------+
; Flow Elapsed Time                                                                                                             ;
+---------------------------+--------------+-------------------------+---------------------+------------------------------------+
; Module Name               ; Elapsed Time ; Average Processors Used ; Peak Virtual Memory ; Total CPU Time (on all processors) ;
+---------------------------+--------------+-------------------------+---------------------+------------------------------------+
; Analysis & Synthesis      ; 00:00:14     ; 1.0                     ; 766 MB              ; 00:00:27                           ;
; Fitter                    ; 00:00:27     ; 1.1                     ; 1761 MB             ; 00:00:43                           ;
; Assembler                 ; 00:00:04     ; 1.0                     ; 699 MB              ; 00:00:03                           ;
; TimeQuest Timing Analyzer ; 00:00:04     ; 1.2                     ; 843 MB              ; 00:00:04                           ;
; Total                     ; 00:00:49     ; --                      ; --                  ; 00:01:17                           ;
+---------------------------+--------------+-------------------------+---------------------+------------------------------------+


+-----------------------------------------------------------------------------------------+
; Flow OS Summary                                                                         ;
+---------------------------+------------------+------------+------------+----------------+
; Module Name               ; Machine Hostname ; OS Name    ; OS Version ; Processor type ;
+---------------------------+------------------+------------+------------+----------------+
; Analysis & Synthesis      ; PUSHEEN_LAPTOP   ; Windows 10 ; 10.0       ; x86_64         ;
; Fitter                    ; PUSHEEN_LAPTOP   ; Windows 10 ; 10.0       ; x86_64         ;
; Assembler                 ; PUSHEEN_LAPTOP   ; Windows 10 ; 10.0       ; x86_64         ;
; TimeQuest Timing Analyzer ; PUSHEEN_LAPTOP   ; Windows 10 ; 10.0       ; x86_64         ;
+---------------------------+------------------+------------+------------+----------------+


------------
; Flow Log ;
------------
quartus_map --read_settings_files=on --write_settings_files=off BitcoinFPGA -c BitcoinFPGA
quartus_fit --read_settings_files=off --write_settings_files=off BitcoinFPGA -c BitcoinFPGA
quartus_asm --read_settings_files=off --write_settings_files=off BitcoinFPGA -c BitcoinFPGA
quartus_sta BitcoinFPGA -c BitcoinFPGA



